#-----------------------------------------------------------
# Vivado v2019.1 (64-bit)
# SW Build 2552052 on Fri May 24 14:49:42 MDT 2019
# IP Build 2548770 on Fri May 24 18:01:18 MDT 2019
# Start of session at: Mon Mar 18 17:09:14 2024
# Process ID: 20040
# Current directory: D:/FPGA/Frundin_CW_DHT11
# Command line: vivado.exe -gui_launcher_event rodinguilauncherevent9596 D:\FPGA\Frundin_CW_DHT11\Frundin_CW_DHT11.xpr
# Log file: D:/FPGA/Frundin_CW_DHT11/vivado.log
# Journal file: D:/FPGA/Frundin_CW_DHT11\vivado.jou
#-----------------------------------------------------------
start_gui
open_project D:/FPGA/Frundin_CW_DHT11/Frundin_CW_DHT11.xpr
Scanning sources...
Finished scanning sources
INFO: [IP_Flow 19-234] Refreshing IP repositories
INFO: [IP_Flow 19-1704] No user IP repositories specified
INFO: [IP_Flow 19-2313] Loaded Vivado IP repository 'C:/Xilinx/Vivado/2019.1/data/ip'.
open_project: Time (s): cpu = 00:00:20 ; elapsed = 00:00:09 . Memory (MB): peak = 896.195 ; gain = 249.941
update_compile_order -fileset sources_1
write_project_tcl D:/FPGA/Frundin_CW_DHT11/
ERROR: [Vivado-projutils-3] The specified filename is a directory (D:/FPGA/Frundin_CW_DHT11/), please type 'write_project_tcl -help' for usage info.
ERROR: [Common 17-39] 'send_msg_id' failed due to earlier errors.
write_project_tcl D:/FPGA/DHT11_UART.tcl
ERROR: [Vivado-projutils-4] Tcl Script 'D:/FPGA/DHT11_UART.tcl' already exist. Use -force option to overwrite.
ERROR: [Common 17-39] 'send_msg_id' failed due to earlier errors.
write_project_tcl D:/FPGA/Frundin_CW_DHT11/
ERROR: [Vivado-projutils-3] The specified filename is a directory (D:/FPGA/Frundin_CW_DHT11/), please type 'write_project_tcl -help' for usage info.
ERROR: [Common 17-39] 'send_msg_id' failed due to earlier errors.
write_project_tcl D:/FPGA/Frundin_CW_DHT11/dht11.tcl
INFO: [Vivado-projutils-8] Tcl script 'dht11.tcl' generated in output directory 'D:/FPGA/Frundin_CW_DHT11'

INFO: [Vivado-projutils-15] Please note that by default, the file path for the project source files were set wth respect to the 'origin_dir' variable in the
 generated script. When this script is executed from the output directory, these source files will be referenced with respect to this 'origin_dir' path value.
 In case this script was later moved to a different directory, the 'origin_dir' value must be set manually in the script with the path
 relative to the new output directory to make sure that the source files are referenced correctly from the original project. You can also set the
 'origin_dir' automatically by setting the 'origin_dir_loc' variable in the tcl shell before sourcing this generated script. The 'origin_dir_loc'
 variable should be set to the path relative to the new output directory. Alternatively, if you are sourcing the script from the Vivado command line,
 then set the origin dir using '-tclargs --origin_dir <path>'. For example, 'vivado -mode tcl -source dht11.tcl -tclargs --origin_dir ".."

WARNING: [Vivado-projutils-10] Found source(s) that were local or imported into the project. If this project is being source controlled, then
 please ensure that the project source(s) are also part of this source controlled data. The list of these local source(s) can be found in the generated script
 under the header section.

