#-----------------------------------------------------------
# Vivado v2019.1 (64-bit)
# SW Build 2552052 on Fri May 24 14:49:42 MDT 2019
# IP Build 2548770 on Fri May 24 18:01:18 MDT 2019
# Start of session at: Mon Mar 18 12:21:30 2024
# Process ID: 16320
# Current directory: D:/FPGA/Frundin_CW_DHT11 Ч копи€
# Command line: vivado.exe -gui_launcher_event rodinguilauncherevent6484 D:\FPGA\Frundin_CW_DHT11 Ч копи€\Frundin_CW_DHT11.xpr
# Log file: D:/FPGA/Frundin_CW_DHT11 Ч копи€/vivado.log
# Journal file: D:/FPGA/Frundin_CW_DHT11 Ч копи€\vivado.jou
#-----------------------------------------------------------
start_gui
open_project {D:/FPGA/Frundin_CW_DHT11 Ч копи€/Frundin_CW_DHT11.xpr}
INFO: [Project 1-313] Project file moved from 'D:/FPGA/Frundin_CW_DHT11' since last save.
Scanning sources...
Finished scanning sources
INFO: [IP_Flow 19-234] Refreshing IP repositories
INFO: [IP_Flow 19-1704] No user IP repositories specified
INFO: [IP_Flow 19-2313] Loaded Vivado IP repository 'C:/Xilinx/Vivado/2019.1/data/ip'.
open_project: Time (s): cpu = 00:00:17 ; elapsed = 00:00:08 . Memory (MB): peak = 884.887 ; gain = 251.465
update_compile_order -fileset sources_1
exit
INFO: [Common 17-206] Exiting Vivado at Mon Mar 18 12:22:01 2024...
