#-----------------------------------------------------------
# Vivado v2019.1 (64-bit)
# SW Build 2552052 on Fri May 24 14:49:42 MDT 2019
# IP Build 2548770 on Fri May 24 18:01:18 MDT 2019
# Start of session at: Fri Feb  9 16:49:23 2024
# Process ID: 4484
# Current directory: D:/Учеба/Автомат. разраб. цифр. устр. ПЛИС/FPGA_coursework
# Command line: vivado.exe -gui_launcher_event rodinguilauncherevent9268 D:\Учеба\Автомат. разраб. цифр. устр. ПЛИС\FPGA_coursework\DTH11_UART.xpr
# Log file: D:/Учеба/Автомат. разраб. цифр. устр. ПЛИС/FPGA_coursework/vivado.log
# Journal file: D:/Учеба/Автомат. разраб. цифр. устр. ПЛИС/FPGA_coursework\vivado.jou
#-----------------------------------------------------------
start_gui
open_project {D:/Учеба/Автомат. разраб. цифр. устр. ПЛИС/FPGA_coursework/DTH11_UART.xpr}
Scanning sources...
Finished scanning sources
INFO: [IP_Flow 19-234] Refreshing IP repositories
INFO: [IP_Flow 19-1704] No user IP repositories specified
INFO: [IP_Flow 19-2313] Loaded Vivado IP repository 'C:/Xilinx/Vivado/2019.1/data/ip'.
open_project: Time (s): cpu = 00:00:16 ; elapsed = 00:00:07 . Memory (MB): peak = 1071.191 ; gain = 190.520
update_compile_order -fileset sources_1
synth_design -rtl -name rtl_1
Command: synth_design -rtl -name rtl_1
Starting synth_design
Using part: xc7a35ticsg324-1L
Top: dht11
INFO: [Device 21-403] Loading part xc7a35ticsg324-1L
---------------------------------------------------------------------------------
Starting RTL Elaboration : Time (s): cpu = 00:00:03 ; elapsed = 00:00:04 . Memory (MB): peak = 1232.027 ; gain = 134.027
---------------------------------------------------------------------------------
INFO: [Synth 8-6157] synthesizing module 'dht11' [D:/Учеба/Автомат. разраб. цифр. устр. ПЛИС/FPGA_coursework/DTH11_UART.srcs/sources_1/new/dht11.sv:23]
INFO: [Synth 8-6155] done synthesizing module 'dht11' (1#1) [D:/Учеба/Автомат. разраб. цифр. устр. ПЛИС/FPGA_coursework/DTH11_UART.srcs/sources_1/new/dht11.sv:23]
